frontend/build/app/intermediates/manifest_merge_blame_file/debug/manifest-merger-blame-debug-report.txt
1<?xml version="1.0" encoding="utf-8"?>
2<manifest xmlns:android="http://schemas.android.com/apk/res/android"
3    package="com.example.gym_app"
4    android:versionCode="1"
5    android:versionName="1.0.0" >
6
7    <uses-sdk
8        android:minSdkVersion="21"
9        android:targetSdkVersion="35" />
10
11    <uses-permission android:name="android.permission.INTERNET" />
11-->src\main\AndroidManifest.xml:3:5-66
11-->src\main\AndroidManifest.xml:3:22-64
12
13    <application
14        android:name="android.app.Application"
14-->src\main\AndroidManifest.xml:7:9-42
15        android:debuggable="true"
16        android:extractNativeLibs="true"
17        android:icon="@mipmap/ic_launcher"
17-->src\main\AndroidManifest.xml:8:9-43
18        android:label="Gym App"
18-->src\main\AndroidManifest.xml:6:9-32
19        android:usesCleartextTraffic="true" >
19-->src\main\AndroidManifest.xml:9:9-44
20        <activity
20-->src\main\AndroidManifest.xml:10:9-26:20
21            android:name="com.example.gym_app.MainActivity"
21-->src\main\AndroidManifest.xml:11:13-41
22            android:configChanges="orientation|keyboardHidden|keyboard|screenSize|smallestScreenSize|locale|layoutDirection|fontScale|screenLayout|density|uiMode"
22-->src\main\AndroidManifest.xml:15:13-163
23            android:exported="true"
23-->src\main\AndroidManifest.xml:12:13-36
24            android:hardwareAccelerated="true"
24-->src\main\AndroidManifest.xml:16:13-47
25            android:launchMode="singleTop"
25-->src\main\AndroidManifest.xml:13:13-43
26            android:theme="@style/LaunchTheme"
26-->src\main\AndroidManifest.xml:14:13-47
27            android:windowSoftInputMode="adjustResize" >
27-->src\main\AndroidManifest.xml:17:13-55
28            <meta-data
28-->src\main\AndroidManifest.xml:18:13-21:17
29                android:name="io.flutter.embedding.android.NormalTheme"
29-->src\main\AndroidManifest.xml:19:15-70
30                android:resource="@style/NormalTheme" />
30-->src\main\AndroidManifest.xml:20:15-52
31
32            <intent-filter>
32-->src\main\AndroidManifest.xml:22:13-25:29
33                <action android:name="android.intent.action.MAIN" />
33-->src\main\AndroidManifest.xml:23:17-68
33-->src\main\AndroidManifest.xml:23:25-66
34
35                <category android:name="android.intent.category.LAUNCHER" />
35-->src\main\AndroidManifest.xml:24:17-76
35-->src\main\AndroidManifest.xml:24:27-74
36            </intent-filter>
37        </activity>
38
39        <meta-data
39-->src\main\AndroidManifest.xml:27:9-29:33
40            android:name="flutterEmbedding"
40-->src\main\AndroidManifest.xml:28:13-44
41            android:value="2" />
41-->src\main\AndroidManifest.xml:29:13-30
42    </application>
43
44</manifest>